<?xml version="1.0" encoding="UTF-8"?>
<!-- Generated by org.testng.reporters.JUnitReportReporter -->
<testsuite skipped="0" hostname="LAPTOP-IBQ4PQ78" name="testScript.verifysizetest" tests="4" failures="0" timestamp="21 Oct 2021 15:55:08 GMT" time="5.057" errors="0">
  <testcase name="small" time="0.247" classname="testScript.verifysizetest"/>
  <testcase name="medium" time="0.252" classname="testScript.verifysizetest"/>
  <testcase name="Tshirt" time="4.341" classname="testScript.verifysizetest"/>
  <testcase name="large" time="0.217" classname="testScript.verifysizetest"/>
</testsuite> <!-- testScript.verifysizetest -->
