<?xml version="1.0" encoding="UTF-8"?>
<!-- Generated by org.testng.reporters.JUnitReportReporter -->
<testsuite skipped="0" hostname="LAPTOP-IBQ4PQ78" name="testScript.tweetsharetest" tests="4" failures="0" timestamp="22 Oct 2021 17:28:05 GMT" time="0.258" errors="0">
  <testcase name="ytube" time="0.062" classname="testScript.tweetsharetest"/>
  <testcase name="google" time="0.059" classname="testScript.tweetsharetest"/>
  <testcase name="fbook" time="0.078" classname="testScript.tweetsharetest"/>
  <testcase name="tweet" time="0.059" classname="testScript.tweetsharetest"/>
</testsuite> <!-- testScript.tweetsharetest -->
