<?xml version="1.0" encoding="UTF-8"?>
<!-- Generated by org.testng.reporters.JUnitReportReporter -->
<testsuite skipped="0" hostname="LAPTOP-IBQ4PQ78" name="testScript.verifyemailidtest" tests="3" failures="0" timestamp="22 Oct 2021 05:17:56 GMT" time="14.173" errors="0">
  <testcase name="clickmailbox" time="0.185" classname="testScript.verifyemailidtest"/>
  <testcase name="entermailid" time="0.351" classname="testScript.verifyemailidtest"/>
  <testcase name="verifySuccess" time="13.637" classname="testScript.verifyemailidtest"/>
</testsuite> <!-- testScript.verifyemailidtest -->
